\\adir.hull.ac.uk\home\618\618757\docs\simulationloop_2017-18\simulationloop\debug\vc141.pdb
\\adir.hull.ac.uk\home\618\618757\docs\simulationloop_2017-18\simulationloop\debug\vc141.idb
\\adir.hull.ac.uk\home\618\618757\docs\simulationloop_2017-18\simulationloop\debug\contactmanifold.obj
\\adir.hull.ac.uk\home\618\618757\docs\simulationloop_2017-18\simulationloop\debug\game.obj
\\adir.hull.ac.uk\home\618\618757\docs\simulationloop_2017-18\simulationloop\debug\main.obj
\\adir.hull.ac.uk\home\618\618757\docs\simulationloop_2017-18\simulationloop\debug\sphere.obj
\\adir.hull.ac.uk\home\618\618757\docs\simulationloop_2017-18\simulationloop\debug\textureloader.obj
\\adir.hull.ac.uk\home\618\618757\docs\simulationloop_2017-18\simulationloop\debug\vector2f.obj
\\adir.hull.ac.uk\home\618\618757\desktop\simulationloop_2017-18\simulationloop\debug\vc141.pdb
\\adir.hull.ac.uk\home\618\618757\desktop\simulationloop_2017-18\simulationloop\debug\vc141.idb
\\adir.hull.ac.uk\home\618\618757\desktop\simulationloop_2017-18\simulationloop\debug\contactmanifold.obj
\\adir.hull.ac.uk\home\618\618757\desktop\simulationloop_2017-18\simulationloop\debug\game.obj
\\adir.hull.ac.uk\home\618\618757\desktop\simulationloop_2017-18\simulationloop\debug\main.obj
\\adir.hull.ac.uk\home\618\618757\desktop\simulationloop_2017-18\simulationloop\debug\sphere.obj
\\adir.hull.ac.uk\home\618\618757\desktop\simulationloop_2017-18\simulationloop\debug\textureloader.obj
\\adir.hull.ac.uk\home\618\618757\desktop\simulationloop_2017-18\simulationloop\debug\vector2f.obj
c:\users\618757\documents\simulationloop_2017-18\simulationloop\debug\vc141.pdb
c:\users\618757\documents\simulationloop_2017-18\simulationloop\debug\vc141.idb
c:\users\618757\documents\simulationloop_2017-18\simulationloop\debug\contactmanifold.obj
c:\users\618757\documents\simulationloop_2017-18\simulationloop\debug\game.obj
c:\users\618757\documents\simulationloop_2017-18\simulationloop\debug\main.obj
c:\users\618757\documents\simulationloop_2017-18\simulationloop\debug\textureloader.obj
c:\users\618757\documents\simulationloop_2017-18\simulationloop\debug\vector2f.obj
c:\users\618757\documents\simulationloop_2017-18\simulationloop\debug\sphere.obj
\\adir.hull.ac.uk\home\618\618757\docs\simulationloop_2017-18\debug\simulationloop.exe
\\adir.hull.ac.uk\home\618\618757\docs\simulationloop_2017-18\debug\simulationloop.ilk
\\adir.hull.ac.uk\home\618\618757\docs\simulationloop_2017-18\debug\simulationloop.pdb
\\adir.hull.ac.uk\home\618\618757\desktop\simulationloop_2017-18\debug\simulationloop.exe
\\adir.hull.ac.uk\home\618\618757\desktop\simulationloop_2017-18\debug\simulationloop.ilk
\\adir.hull.ac.uk\home\618\618757\desktop\simulationloop_2017-18\debug\simulationloop.pdb
c:\users\618757\documents\simulationloop_2017-18\debug\simulationloop.exe
c:\users\618757\documents\simulationloop_2017-18\debug\simulationloop.ilk
c:\users\618757\documents\simulationloop_2017-18\debug\simulationloop.pdb
c:\users\618757\documents\sim-acw\simulationloop\debug\contactmanifold.obj
c:\users\618757\documents\sim-acw\simulationloop\debug\game.obj
c:\users\618757\documents\sim-acw\simulationloop\debug\main.obj
c:\users\618757\documents\sim-acw\simulationloop\debug\sphere.obj
c:\users\618757\documents\sim-acw\simulationloop\debug\textureloader.obj
c:\users\618757\documents\sim-acw\simulationloop\debug\vector2f.obj
c:\users\618757\documents\sim-acw\simulationloop\debug\vc141.idb
c:\users\618757\documents\sim-acw\simulationloop\debug\vc141.pdb
c:\users\618757\documents\sim-acw\debug\simulationloop.pdb
c:\users\618757\documents\sim-acw\debug\simulationloop.exe
c:\users\618757\documents\sim-acw\debug\simulationloop.ilk
c:\users\618757\documents\sim-acw\simulationloop\debug\simulationloop.tlog\cl.command.1.tlog
c:\users\618757\documents\sim-acw\simulationloop\debug\simulationloop.tlog\cl.read.1.tlog
c:\users\618757\documents\sim-acw\simulationloop\debug\simulationloop.tlog\cl.write.1.tlog
c:\users\618757\documents\sim-acw\simulationloop\debug\simulationloop.tlog\link.command.1.tlog
c:\users\618757\documents\sim-acw\simulationloop\debug\simulationloop.tlog\link.read.1.tlog
c:\users\618757\documents\sim-acw\simulationloop\debug\simulationloop.tlog\link.write.1.tlog
